  stdafx.cpp
  Frogger v2.cpp
d:\projects\git\frogger hub\frogger\frogger v2\frogger v2.cpp(39): warning C4244: 'argument': conversion from 'time_t' to 'unsigned int', possible loss of data
d:\projects\git\frogger hub\frogger\frogger v2\frogger v2.cpp(64): warning C4309: 'initializing': truncation of constant value
d:\projects\git\frogger hub\frogger\frogger v2\frogger v2.cpp(89): warning C4554: '&': check operator precedence for possible error; use parentheses to clarify precedence
d:\projects\git\frogger hub\frogger\frogger v2\frogger v2.cpp(97): warning C4554: '&': check operator precedence for possible error; use parentheses to clarify precedence
d:\projects\git\frogger hub\frogger\frogger v2\frogger v2.cpp(150): warning C4309: '=': truncation of constant value
d:\projects\git\frogger hub\frogger\frogger v2\frogger v2.cpp(157): warning C4309: '=': truncation of constant value
d:\projects\git\frogger hub\frogger\frogger v2\frogger v2.cpp(162): warning C4309: '=': truncation of constant value
d:\projects\git\frogger hub\frogger\frogger v2\frogger v2.cpp(188): warning C4309: '=': truncation of constant value
d:\projects\git\frogger hub\frogger\frogger v2\frogger v2.cpp(234): warning C4309: '=': truncation of constant value
d:\projects\git\frogger hub\frogger\frogger v2\frogger v2.cpp(241): warning C4309: '=': truncation of constant value
d:\projects\git\frogger hub\frogger\frogger v2\frogger v2.cpp(246): warning C4554: '&': check operator precedence for possible error; use parentheses to clarify precedence
d:\projects\git\frogger hub\frogger\frogger v2\frogger v2.cpp(248): warning C4309: '=': truncation of constant value
d:\projects\git\frogger hub\frogger\frogger v2\frogger v2.cpp(262): warning C4309: '=': truncation of constant value
d:\projects\git\frogger hub\frogger\frogger v2\frogger v2.cpp(269): warning C4309: '=': truncation of constant value
d:\projects\git\frogger hub\frogger\frogger v2\frogger v2.cpp(288): warning C4309: '=': truncation of constant value
d:\projects\git\frogger hub\frogger\frogger v2\frogger v2.cpp(292): warning C4309: '=': truncation of constant value
d:\projects\git\frogger hub\frogger\frogger v2\frogger v2.cpp(296): warning C4309: '=': truncation of constant value
d:\projects\git\frogger hub\frogger\frogger v2\frogger v2.cpp(300): warning C4309: '=': truncation of constant value
d:\projects\git\frogger hub\frogger\frogger v2\frogger v2.cpp(302): warning C4309: '=': truncation of constant value
d:\projects\git\frogger hub\frogger\frogger v2\frogger v2.cpp(303): warning C4309: '=': truncation of constant value
d:\projects\git\frogger hub\frogger\frogger v2\frogger v2.cpp(304): warning C4309: '=': truncation of constant value
d:\projects\git\frogger hub\frogger\frogger v2\frogger v2.cpp(305): warning C4309: '=': truncation of constant value
d:\projects\git\frogger hub\frogger\frogger v2\frogger v2.cpp(306): warning C4309: '=': truncation of constant value
d:\projects\git\frogger hub\frogger\frogger v2\frogger v2.cpp(313): warning C4309: '=': truncation of constant value
d:\projects\git\frogger hub\frogger\frogger v2\frogger v2.cpp(319): warning C4309: '=': truncation of constant value
d:\projects\git\frogger hub\frogger\frogger v2\frogger v2.cpp(323): warning C4309: '=': truncation of constant value
d:\projects\git\frogger hub\frogger\frogger v2\frogger v2.cpp(377): warning C4309: 'initializing': truncation of constant value
d:\projects\git\frogger hub\frogger\frogger v2\frogger v2.cpp(683): warning C4309: 'initializing': truncation of constant value
d:\projects\git\frogger hub\frogger\frogger v2\frogger v2.cpp(686): warning C4309: 'initializing': truncation of constant value
d:\projects\git\frogger hub\frogger\frogger v2\frogger v2.cpp(687): warning C4309: 'initializing': truncation of constant value
d:\projects\git\frogger hub\frogger\frogger v2\frogger v2.cpp(688): warning C4309: 'initializing': truncation of constant value
d:\projects\git\frogger hub\frogger\frogger v2\frogger v2.cpp(810): warning C4309: '=': truncation of constant value
d:\projects\git\frogger hub\frogger\frogger v2\frogger v2.cpp(1136): warning C4309: '=': truncation of constant value
d:\projects\git\frogger hub\frogger\frogger v2\frogger v2.cpp(1169): warning C4309: '=': truncation of constant value
d:\projects\git\frogger hub\frogger\frogger v2\frogger v2.cpp(1200): warning C4309: '=': truncation of constant value
d:\projects\git\frogger hub\frogger\frogger v2\frogger v2.cpp(1231): warning C4309: '=': truncation of constant value
  Frogger v2.vcxproj -> D:\Projects\Git\Frogger hub\Frogger\Debug\Frogger v2.exe
  Frogger v2.vcxproj -> D:\Projects\Git\Frogger hub\Frogger\Debug\Frogger v2.pdb (Full PDB)
